Build started 10/20/2011 11:45:07 AM.
     1>Project "C:\Users\Keith\Desktop\tetris_tutorial_sdl\tetris_tutorial_sdl.vcxproj" on node 2 (build target(s)).
     1>InitializeBuildStatus:
         Touching "Release\tetris_tutorial_sdl.unsuccessfulbuild".
       ClCompile:
         All outputs are up-to-date.
       Link:
         c:\Program Files\Microsoft Visual Studio 10.0\VC\bin\link.exe /ERRORREPORT:PROMPT /OUT:"C:\Users\Keith\Desktop\tetris_tutorial_sdl\Release\tetris_tutorial_sdl.exe" /INCREMENTAL:NO /NOLOGO SDL_ttf.lib libfreetype.lib kernel32.lib user32.lib gdi32.lib winspool.lib comdlg32.lib advapi32.lib shell32.lib ole32.lib oleaut32.lib uuid.lib odbc32.lib odbccp32.lib /MANIFEST /ManifestFile:"Release\tetris_tutorial_sdl.exe.intermediate.manifest" /MANIFESTUAC:"level='asInvoker' uiAccess='false'" /DEBUG /PDB:"C:\Users\Keith\Desktop\tetris_tutorial_sdl\Release\tetris_tutorial_sdl.pdb" /SUBSYSTEM:WINDOWS /OPT:REF /OPT:ICF /LTCG /TLBID:1 /DYNAMICBASE /NXCOMPAT /IMPLIB:"C:\Users\Keith\Desktop\tetris_tutorial_sdl\Release\tetris_tutorial_sdl.lib" /MACHINE:X86 Release\AI.obj
         Release\Board.obj
         Release\Game.obj
         Release\GenAlg.obj
         Release\IO.obj
         Release\Main.obj
         Release\NeuralNet.obj
         Release\Pieces.obj
            Creating library C:\Users\Keith\Desktop\tetris_tutorial_sdl\Release\tetris_tutorial_sdl.lib and object C:\Users\Keith\Desktop\tetris_tutorial_sdl\Release\tetris_tutorial_sdl.exp
         Generating code
         Finished generating code
         tetris_tutorial_sdl.vcxproj -> C:\Users\Keith\Desktop\tetris_tutorial_sdl\Release\tetris_tutorial_sdl.exe
       Manifest:
         C:\Program Files\Microsoft SDKs\Windows\v7.0A\bin\mt.exe /nologo /verbose /outputresource:"C:\Users\Keith\Desktop\tetris_tutorial_sdl\Release\tetris_tutorial_sdl.exe;#1" /manifest Release\tetris_tutorial_sdl.exe.intermediate.manifest
       FinalizeBuildStatus:
         Deleting file "Release\tetris_tutorial_sdl.unsuccessfulbuild".
         Touching "Release\tetris_tutorial_sdl.lastbuildstate".
     1>Done Building Project "C:\Users\Keith\Desktop\tetris_tutorial_sdl\tetris_tutorial_sdl.vcxproj" (build target(s)).

Build succeeded.

Time Elapsed 00:00:00.91
